games/android-game-2026-03-12/app/proguard-rules.pro
-keepclassmembers class com.voidrunner.gravity.game.** { *; }
-keep class androidx.compose.** { *; }