games/android-game-2026-03-12/app/build/outputs/mapping/release/seeds.txt
com.voidrunner.gravity.MainActivity
com.voidrunner.gravity.game.GameState: int $stable
com.voidrunner.gravity.game.GameState: java.util.List stars
com.voidrunner.gravity.game.GameState: float screenShake
com.voidrunner.gravity.game.GameState: float zoneFlash
com.voidrunner.gravity.game.ObstacleType: com.voidrunner.gravity.game.ObstacleType SPIKE_BOTTOM
com.voidrunner.gravity.game.MenuScreenKt$MenuScreen$1$1: int label
com.voidrunner.gravity.game.Obstacle: boolean laserOn
com.voidrunner.gravity.game.MenuScreenKt$MenuScreen$1$1$last$1: com.voidrunner.gravity.game.MenuScreenKt$MenuScreen$1$1$last$1 INSTANCE
com.voidrunner.gravity.game.GameScreenKt$GameScreen$2$1: int label
com.voidrunner.gravity.game.MenuScreenKt$MenuScreen$1$1$now$1: com.voidrunner.gravity.game.MenuScreenKt$MenuScreen$1$1$now$1 INSTANCE
com.voidrunner.gravity.game.GameState: float screenHeight
com.voidrunner.gravity.game.ObstacleType: com.voidrunner.gravity.game.ObstacleType WALL_GAP_BOTTOM
com.voidrunner.gravity.game.GameScreenKt$GameScreen$2$1: androidx.compose.runtime.MutableState $gameState$delegate
com.voidrunner.gravity.game.GameState: java.util.List particles
com.voidrunner.gravity.game.GameScreenKt$GameScreen$1: int label
com.voidrunner.gravity.game.GameState: java.util.List floatingTexts
com.voidrunner.gravity.game.Obstacle: float gapCenter
com.voidrunner.gravity.game.FloatingText: float y
com.voidrunner.gravity.game.MenuScreenKt$MenuScreen$4: int $$changed
com.voidrunner.gravity.game.GameScreenKt$GameScreen$1$time$1: com.voidrunner.gravity.game.GameScreenKt$GameScreen$1$time$1 INSTANCE
com.voidrunner.gravity.game.MenuScreenKt$MenuScreen$3$1: int $bestScore
com.voidrunner.gravity.game.GameState: int zoneNumber
com.voidrunner.gravity.game.ObstacleType: kotlin.enums.EnumEntries $ENTRIES
com.voidrunner.gravity.game.GameScreenKt$GameScreen$1$lastTime$1: com.voidrunner.gravity.game.GameScreenKt$GameScreen$1$lastTime$1 INSTANCE
com.voidrunner.gravity.game.MenuScreenKt$MenuScreen$3$1: androidx.compose.ui.text.TextMeasurer $textMeasurer
com.voidrunner.gravity.game.GameScreenKt$GameScreen$2$1: java.lang.Object L$0
com.voidrunner.gravity.game.GameState: float MAX_SPEED
com.voidrunner.gravity.game.GameScreenKt$GameScreen$1: long J$0
com.voidrunner.gravity.game.GameLogic$WhenMappings: int[] $EnumSwitchMapping$1
com.voidrunner.gravity.game.GameState: float VISIBLE_WORLD_UNITS
com.voidrunner.gravity.game.GameState: int bestScore
com.voidrunner.gravity.game.Particle: float size
com.voidrunner.gravity.game.GameLogic: int $stable
com.voidrunner.gravity.game.ObstacleType: com.voidrunner.gravity.game.ObstacleType SPIKE_TOP
com.voidrunner.gravity.game.GameState: float ZONE_DISTANCE
com.voidrunner.gravity.game.Particle: float life
com.voidrunner.gravity.game.GameState: int maxCombo
com.voidrunner.gravity.game.GameRenderer: long goldColor
com.voidrunner.gravity.game.GameRenderer$WhenMappings: int[] $EnumSwitchMapping$0
com.voidrunner.gravity.game.GameState: com.voidrunner.gravity.game.GameState$Companion Companion
com.voidrunner.gravity.game.GameRenderer: long darkBg
com.voidrunner.gravity.game.MenuScreenKt$MenuScreen$2$1: java.lang.Object L$0
com.voidrunner.gravity.game.GameState: float worldOffset
com.voidrunner.gravity.game.ObstacleType: com.voidrunner.gravity.game.ObstacleType[] $VALUES
com.voidrunner.gravity.game.GameState: com.voidrunner.gravity.game.GamePhase phase
com.voidrunner.gravity.game.GameState: float playerVY
com.voidrunner.gravity.game.GameState: int TRAIL_LENGTH
com.voidrunner.gravity.game.ObstacleType: com.voidrunner.gravity.game.ObstacleType WALL_GAP_TOP
com.voidrunner.gravity.game.GameState: float comboTimer
com.voidrunner.gravity.game.GameLogic: com.voidrunner.gravity.game.GameLogic INSTANCE
com.voidrunner.gravity.game.Crystal: int value
com.voidrunner.gravity.game.ObstacleType: com.voidrunner.gravity.game.ObstacleType LASER
com.voidrunner.gravity.game.GamePhase: com.voidrunner.gravity.game.GamePhase READY
...
androidx.compose.animation.core.InfiniteAnimationPolicyKt$withInfiniteAnimationFrameNanos$2: InfiniteAnimationPolicyKt$withInfiniteAnimationFrameNanos$2(kotlin.jvm.functions.Function1,kotlin.coroutines.Continuation)
androidx.compose.foundation.text2.input.internal.OpArray: int[] copyOf-S4-kM8k(int[],int)
androidx.compose.material3.DatePickerFormatter: java.lang.String formatMonthYear$material3_release(androidx.compose.material3.CalendarMonth,androidx.compose.material3.CalendarModel,java.util.Locale)
androidx.compose.ui.text.ParagraphKt: androidx.compose.ui.text.Paragraph Paragraph-UdtVg6A(java.lang.String,androidx.compose.ui.text.TextStyle,long,androidx.compose.ui.unit.Density,androidx.compose.ui.text.font.FontFamily$Resolver,java.util.List,java.util.List,int,boolean)
androidx.compose.foundation.layout.WindowInsetsConnection_androidKt$imeNestedScroll$2: java.lang.Object invoke(java.lang.Object,java.lang.Object,java.lang.Object)
androidx.compose.foundation.text2.input.internal.selection.TapAndDoubleTapGestureKt$awaitSecondDown$2: java.lang.Object invoke(java.lang.Object,java.lang.Object)
androidx.compose.foundation.gestures.ScrollExtensionsKt$stopScroll$2: kotlin.coroutines.Continuation create(java.lang.Object,kotlin.coroutines.Continuation)
androidx.compose.ui.platform.AndroidUiFrameClock$withFrameNanos$2$2: void invoke(java.lang.Throwable)
androidx.compose.foundation.layout.BoxWithConstraintsScope: float getMinHeight-D9Ej5fM()
androidx.compose.ui.text.android.style.LineHeightStyleSpan: void chooseHeight(java.lang.CharSequence,int,int,int,int,android.graphics.Paint$FontMetricsInt)
androidx.core.view.WindowInsetsCompat$Impl20: androidx.core.graphics.Insets getInsets(int)
androidx.core.view.ViewCompat$Api28Impl: void removeOnUnhandledKeyEventListener(android.view.View,androidx.core.view.ViewCompat$OnUnhandledKeyEventListenerCompat)
androidx.compose.foundation.gestures.DraggableKt$awaitDownAndSlop$1: DraggableKt$awaitDownAndSlop$1(kotlin.coroutines.Continuation)
androidx.compose.ui.graphics.drawscope.DrawScope: long access$toSp-0xMU5do$jd(androidx.compose.ui.graphics.drawscope.DrawScope,float)
androidx.compose.ui.text.ParagraphIntrinsicInfo: androidx.compose.ui.text.ParagraphIntrinsics component1()
androidx.compose.runtime.saveable.SaveableStateHolderImpl: void SaveableStateProvider(java.lang.Object,kotlin.jvm.functions.Function2,androidx.compose.runtime.Composer,int)
androidx.compose.material3.Strings$Companion: int getDatePickerNavigateToYearDescription-adMyvUU()
androidx.compose.foundation.AndroidEdgeEffectOverscrollEffect: void access$setContainerSize$p(androidx.compose.foundation.AndroidEdgeEffectOverscrollEffect,long)
androidx.compose.ui.KeyedComposedModifierN: java.lang.String getFqName()
androidx.compose.foundation.text2.input.internal.StatelessInputConnection: boolean setSelection(int,int)
androidx.compose.foundation.text2.input.internal.selection.TapAndDoubleTapGestureKt$detectTapAndDoubleTap$2$1: kotlin.coroutines.Continuation create(java.lang.Object,kotlin.coroutines.Continuation)
androidx.compose.ui.platform.AndroidUiDispatcher$Companion$currentThread$1: kotlin.coroutines.CoroutineContext initialValue()
androidx.compose.material3.TextFieldMeasurePolicy: androidx.compose.ui.layout.MeasureResult measure-3p2s80s(androidx.compose.ui.layout.MeasureScope,java.util.List,long)
androidx.compose.foundation.lazy.staggeredgrid.LazyStaggeredGridLayoutInfo: int getBeforeContentPadding()
androidx.compose.foundation.layout.WindowInsetsNestedScrollConnection: void access$requestAnimationController(androidx.compose.foundation.layout.WindowInsetsNestedScrollConnection)
androidx.compose.ui.platform.WindowInfoKt$WindowFocusObserver$1$1$2: java.lang.Object emit(boolean,kotlin.coroutines.Continuation)
androidx.compose.material3.internal.ExposedDropdownMenuPopupKt$SimpleStack$1$measure$2: ExposedDropdownMenuPopupKt$SimpleStack$1$measure$2(androidx.compose.ui.layout.Placeable)