games/android-game-2026-03-12/app/build/outputs/mapping/release/mapping.txt
# compiler: R8
# compiler_version: 8.2.47
# min_api: 24
# common_typos_disable
# {"id":"com.android.tools.r8.mapping","version":"2.2"}
# pg_map_id: cef0859
# pg_map_hash: SHA-256 cef0859213d69d563f8d2078d16530ac99271112496551d97c78df572801b275
com.voidrunner.gravity.ComposableSingletons$MainActivityKt -> i0.c:
# {"id":"sourceFile","fileName":"MainActivity.kt"}
    kotlin.jvm.functions.Function2 lambda-1 -> a
      # {"id":"com.android.tools.r8.residualsignature","signature":"Landroidx/compose/runtime/internal/ComposableLambda;"}
    1:1:void <clinit>():0:0 -> <clinit>
com.voidrunner.gravity.ComposableSingletons$MainActivityKt$lambda-1$1 -> i0.b:
# {"id":"sourceFile","fileName":"MainActivity.kt"}
    com.voidrunner.gravity.ComposableSingletons$MainActivityKt$lambda-1$1 INSTANCE -> e
      # {"id":"com.android.tools.r8.residualsignature","signature":"Li0/b;"}
    4:9:void com.voidrunner.gravity.ComposableSingletons$MainActivityKt$lambda-1$1.<init>():0:0 -> <clinit>
    4:9:void <clinit>():0 -> <clinit>
    14:93:void com.voidrunner.gravity.ComposableSingletons$MainActivityKt$lambda-1$1.invoke(androidx.compose.runtime.Composer,int):0:0 -> invoke
    14:93:java.lang.Object invoke(java.lang.Object,java.lang.Object):0 -> invoke
    94:97:java.lang.Object invoke(java.lang.Object,java.lang.Object):0:0 -> invoke
      # {"id":"com.android.tools.r8.outlineCallsite","positions":{"1":298,"5":300,"9":303},"outline":"Landroidx/compose/animation/a;l(Landroidx/compose/ui/Alignment$Companion;ZLandroidx/compose/runtime/Composer;II)Landroidx/compose/ui/layout/MeasurePolicy;"}
    98:184:void com.voidrunner.gravity.ComposableSingletons$MainActivityKt$lambda-1$1.invoke(androidx.compose.runtime.Composer,int):0:0 -> invoke
    98:184:java.lang.Object invoke(java.lang.Object,java.lang.Object):0 -> invoke
    185:187:java.lang.Object invoke(java.lang.Object,java.lang.Object):0:0 -> invoke
com.voidrunner.gravity.ComposableSingletons$MainActivityKt$lambda-1$1$1$1$1 -> i0.a:
# {"id":"sourceFile","fileName":"MainActivity.kt"}
    int $r8$classId -> e
      # {"id":"com.android.tools.r8.synthesized"}
    androidx.compose.runtime.MutableState $playing$delegate -> f
    6:9:void com.voidrunner.gravity.ComposableSingletons$MainActivityKt$lambda-1$1$1$1$1.<init>(androidx.compose.runtime.MutableState):0:0 -> <init>
    6:9:void $r8$init$synthetic(androidx.compose.runtime.MutableState,int):0 -> <init>
      # {"id":"com.android.tools.r8.synthesized"}
    15:20:void com.voidrunner.gravity.ComposableSingletons$MainActivityKt$lambda-1$1.invoke$lambda$2(androidx.compose.runtime.MutableState,boolean):0:0 -> invoke
    15:20:void com.voidrunner.gravity.ComposableSingletons$MainActivityKt$lambda-1$1.access$invoke$lambda$2(androidx.compose.runtime.MutableState,boolean):0 -> invoke
    15:20:void com.voidrunner.gravity.ComposableSingletons$MainActivityKt$lambda-1$1$1$2$1.invoke():0 -> invoke
    15:20:java.lang.Object com.voidrunner.gravity.ComposableSingletons$MainActivityKt$lambda-1$1$1$2$1.invoke():0 -> invoke
    15:20:java.lang.Object invoke$bridge():0 -> invoke
      # {"id":"com.android.tools.r8.synthesized"}
    21:29:void com.voidrunner.gravity.ComposableSingletons$MainActivityKt$lambda-1$1.invoke$lambda$2(androidx.compose.runtime.MutableState,boolean):0:0 -> invoke
com.voidrunner.gravity.ComposableSingletons$MainActivityKt$lambda-1$1$1$2$1 -> R8$$REMOVED$$CLASS$$119:
# {"id":"sourceFile","fileName":"MainActivity.kt"}
...
androidx.compose.ui.viewinterop.AndroidViewHolder$runUpdate$1 -> androidx.compose.ui.viewinterop.AndroidViewHolder$runUpdate$1:
# {"id":"sourceFile","fileName":"AndroidViewHolder.android.kt"}
    1:1:java.lang.Object invoke():0:0 -> invoke
    2:2:void invoke():0:0 -> invoke
androidx.compose.ui.viewinterop.AndroidViewHolder$update$1 -> androidx.compose.ui.viewinterop.AndroidViewHolder$update$1:
# {"id":"sourceFile","fileName":"AndroidViewHolder.android.kt"}
    1:1:java.lang.Object invoke():0:0 -> invoke
    2:2:void invoke():0:0 -> invoke
androidx.compose.ui.viewinterop.AndroidViewHolder_androidKt -> androidx.compose.ui.viewinterop.AndroidViewHolder_androidKt:
# {"id":"sourceFile","fileName":"AndroidViewHolder.android.kt"}
androidx.compose.ui.viewinterop.AndroidViewHolder_androidKt$NoOpScrollConnection$1 -> androidx.compose.ui.viewinterop.AndroidViewHolder_androidKt$NoOpScrollConnection$1:
# {"id":"sourceFile","fileName":"AndroidViewHolder.android.kt"}
androidx.compose.ui.viewinterop.AndroidView_androidKt -> androidx.compose.ui.viewinterop.AndroidView_androidKt:
# {"id":"sourceFile","fileName":"AndroidView.android.kt"}
    kotlin.jvm.functions.Function1 NoOpUpdate -> NoOpUpdate
      # {"id":"com.android.tools.r8.residualsignature","signature":"Lt0/c;"}
    1:1:void AndroidView(kotlin.jvm.functions.Function1,androidx.compose.ui.Modifier,kotlin.jvm.functions.Function1,androidx.compose.runtime.Composer,int,int):0:0 -> AndroidView
      # {"id":"com.android.tools.r8.residualsignature","signature":"(Lt0/c;Landroidx/compose/ui/Modifier;Lt0/c;Landroidx/compose/runtime/Composer;II)V"}
    2:2:void AndroidView(kotlin.jvm.functions.Function1,androidx.compose.ui.Modifier,kotlin.jvm.functions.Function1,kotlin.jvm.functions.Function1,kotlin.jvm.functions.Function1,androidx.compose.runtime.Composer,int,int):0:0 -> AndroidView
      # {"id":"com.android.tools.r8.residualsignature","signature":"(Lt0/c;Landroidx/compose/ui/Modifier;Lt0/c;Lt0/c;Lt0/c;Landroidx/compose/runtime/Composer;II)V"}
    1:1:kotlin.jvm.functions.Function0 createAndroidViewNodeFactory(kotlin.jvm.functions.Function1,androidx.compose.runtime.Composer,int):0:0 -> createAndroidViewNodeFactory
      # {"id":"com.android.tools.r8.residualsignature","signature":"(Lt0/c;Landroidx/compose/runtime/Composer;I)Lt0/a;"}
    1:1:kotlin.jvm.functions.Function1 getNoOpUpdate():0:0 -> getNoOpUpdate
      # {"id":"com.android.tools.r8.residualsignature","signature":"()Lt0/c;"}
androidx.compose.ui.viewinterop.AndroidView_androidKt$AndroidView$$inlined$ComposeNode$1 -> androidx.compose.ui.viewinterop.AndroidView_androidKt$AndroidView$$inlined$ComposeNode$1:
# {"id":"sourceFile","fileName":"Composables.kt"}
    kotlin.jvm.functions.Function0 $factory -> $factory
      # {"id":"com.android.tools.r8.residualsignature","signature":"Lt0/a;"}
    1:1:void <init>(kotlin.jvm.functions.Function0):0:0 -> <init>
      # {"id":"com.android.tools.r8.residualsignature","signature":"(Lt0/a;)V"}
androidx.compose.ui.viewinterop.AndroidView_androidKt$AndroidView$$inlined$ReusableComposeNode$1 -> androidx.compose.ui.viewinterop.AndroidView_androidKt$AndroidView$$inlined$ReusableComposeNode$1:
# {"id":"sourceFile","fileName":"Composables.kt"}
    kotlin.jvm.functions.Function0 $factory -> $factory
      # {"id":"com.android.tools.r8.residualsignature","signature":"Lt0/a;"}
    1:1:void <init>(kotlin.jvm.functions.Function0):0:0 -> <init>
      # {"id":"com.android.tools.r8.residualsignature","signature":"(Lt0/a;)V"}