games/android-game-2026-03-12/app/build/outputs/mapping/release/usage.txt
com.voidrunner.gravity.MainActivity:
    public static final int $stable
com.voidrunner.gravity.R$color
com.voidrunner.gravity.R$drawable
com.voidrunner.gravity.R$mipmap
com.voidrunner.gravity.R$string
com.voidrunner.gravity.R$style
com.voidrunner.gravity.R
com.voidrunner.gravity.ComposableSingletons$MainActivityKt$lambda-1$1$1$1$1:
    public final void invoke()
com.voidrunner.gravity.ComposableSingletons$MainActivityKt$lambda-1$1$1$2$1
com.voidrunner.gravity.ComposableSingletons$MainActivityKt$lambda-1$1:
    public static final void access$invoke$lambda$2(androidx.compose.runtime.MutableState,boolean)
    public final void invoke(androidx.compose.runtime.Composer,int)
com.voidrunner.gravity.ComposableSingletons$MainActivityKt:
    public static final com.voidrunner.gravity.ComposableSingletons$MainActivityKt INSTANCE
    public static kotlin.jvm.functions.Function2 getLambda-1$app_release()
com.voidrunner.gravity.MainActivity:
    static void <clinit>()
com.voidrunner.gravity.game.Crystal:
    static void <clinit>()
com.voidrunner.gravity.game.FloatingText:
    static void <clinit>()
com.voidrunner.gravity.game.Obstacle:
    static void <clinit>()
com.voidrunner.gravity.game.Particle:
    static void <clinit>()
...
androidx.core.widget.TextViewKt$doAfterTextChanged$$inlined$addTextChangedListener$default$1
androidx.core.widget.TextViewKt$doBeforeTextChanged$$inlined$addTextChangedListener$default$1
androidx.core.widget.TextViewKt$doOnTextChanged$$inlined$addTextChangedListener$default$1
androidx.core.widget.TextViewKt
androidx.core.widget.TextViewOnReceiveContentListener$Api16Impl
androidx.core.widget.TextViewOnReceiveContentListener$ApiImpl
androidx.core.widget.TextViewOnReceiveContentListener
androidx.core.widget.TintableCheckedTextView
androidx.core.widget.TintableCompoundButton
androidx.core.widget.TintableCompoundDrawablesView
androidx.core.widget.TintableImageSourceView
androidx.customview.poolingcontainer.PoolingContainer:
    public static final void callPoolingContainerOnRelease(android.view.View)
    public static final void callPoolingContainerOnReleaseForChildren(android.view.ViewGroup)
    public static final void setPoolingContainer(android.view.View,boolean)
androidx.customview.poolingcontainer.PoolingContainerListener:
    public abstract void onRelease()
androidx.customview.poolingcontainer.PoolingContainerListenerHolder:
    public final void onRelease()
androidx.customview.poolingcontainer.R$id:
    private void <init>()
androidx.customview.poolingcontainer.R
androidx.emoji2.R
androidx.emoji2.text.ConcurrencyHelpers$Handler28Impl:
    private void <init>()
androidx.emoji2.text.ConcurrencyHelpers:
    private static final int FONT_LOAD_TIMEOUT_SECONDS
    private void <init>()
    static java.util.concurrent.Executor convertHandlerToExecutor(android.os.Handler)
androidx.emoji2.text.DefaultEmojiCompatConfig$DefaultEmojiCompatConfigFactory:
    private static final java.lang.String DEFAULT_EMOJI_QUERY
    private static final java.lang.String INTENT_LOAD_EMOJI_FONT
    private static final java.lang.String TAG
androidx.emoji2.text.DefaultEmojiCompatConfig:
    private void <init>()
androidx.emoji2.text.DefaultGlyphChecker:
    private static final int PAINT_TEXT_SIZE
androidx.emoji2.text.EmojiCompat$CodepointSequenceMatchResult
androidx.emoji2.text.EmojiCompat$CompatInternal19:
    java.lang.String getAssetSignature()
    public int getEmojiMatch(java.lang.CharSequence,int)
    boolean hasEmojiGlyph(java.lang.CharSequence)
    boolean hasEmojiGlyph(java.lang.CharSequence,int)
androidx.emoji2.text.EmojiCompat$CompatInternal:
    java.lang.String getAssetSignature()
    public int getEmojiMatch(java.lang.CharSequence,int)
    boolean hasEmojiGlyph(java.lang.CharSequence)
    boolean hasEmojiGlyph(java.lang.CharSequence,int)
androidx.emoji2.text.EmojiCompat$Config:
    public androidx.emoji2.text.EmojiCompat$Config registerInitCallback(androidx.emoji2.text.EmojiCompat$InitCallback)
    public androidx.emoji2.text.EmojiCompat$Config setEmojiSpanIndicatorColor(int)
    public androidx.emoji2.text.EmojiCompat$Config setEmojiSpanIndicatorEnabled(boolean)
    public androidx.emoji2.text.EmojiCompat$Config setGlyphChecker(androidx.emoji2.text.EmojiCompat$GlyphChecker)
    public androidx.emoji2.text.EmojiCompat$Config setReplaceAll(boolean)
    public androidx.emoji2.text.EmojiCompat$Config setSpanFactory(androidx.emoji2.text.EmojiCompat$SpanFactory)
    public androidx.emoji2.text.EmojiCompat$Config setUseEmojiAsDefaultStyle(boolean)
    public androidx.emoji2.text.EmojiCompat$Config setUseEmojiAsDefaultStyle(boolean,java.util.List)
    public androidx.emoji2.text.EmojiCompat$Config unregisterInitCallback(androidx.emoji2.text.EmojiCompat$InitCallback)
androidx.emoji2.text.EmojiCompat$LoadStrategy
androidx.emoji2.text.EmojiCompat$ReplaceStrategy